E:\projects\careerai_pro_COMPLETE (1).1\.venv\lib\site-packages\sklearn\base.py:442: InconsistentVersionWarning: Trying to unpickle estimator TfidfTransformer from version 1.8.0 when using version 1.7.2. This might lead to breaking code or invalid results. Use at your own risk. For more info please refer to:
https://scikit-learn.org/stable/model_persistence.html#security-maintainability-limitations
  warnings.warn(
E:\projects\careerai_pro_COMPLETE (1).1\.venv\lib\site-packages\sklearn\base.py:442: InconsistentVersionWarning: Trying to unpickle estimator TfidfVectorizer from version 1.8.0 when using version 1.7.2. This might lead to breaking code or invalid results. Use at your own risk. For more info please refer to:
https://scikit-learn.org/stable/model_persistence.html#security-maintainability-limitations
  warnings.warn(
E:\projects\careerai_pro_COMPLETE (1).1\.venv\lib\site-packages\sklearn\base.py:442: InconsistentVersionWarning: Trying to unpickle estimator LogisticRegression from version 1.8.0 when using version 1.7.2. This might lead to breaking code or invalid results. Use at your own risk. For more info please refer to:
https://scikit-learn.org/stable/model_persistence.html#security-maintainability-limitations
  warnings.warn(
E:\projects\careerai_pro_COMPLETE (1).1\.venv\lib\site-packages\sklearn\base.py:442: InconsistentVersionWarning: Trying to unpickle estimator Pipeline from version 1.8.0 when using version 1.7.2. This might lead to breaking code or invalid results. Use at your own risk. For more info please refer to:
https://scikit-learn.org/stable/model_persistence.html#security-maintainability-limitations
  warnings.warn(
E:\projects\careerai_pro_COMPLETE (1).1\.venv\lib\site-packages\sklearn\base.py:442: InconsistentVersionWarning: Trying to unpickle estimator LabelEncoder from version 1.8.0 when using version 1.7.2. This might lead to breaking code or invalid results. Use at your own risk. For more info please refer to:
https://scikit-learn.org/stable/model_persistence.html#security-maintainability-limitations
  warnings.warn(
WARNING: This is a development server. Do not use it in a production deployment. Use a production WSGI server instead.
 * Running on all addresses (0.0.0.0)
 * Running on http://127.0.0.1:8000
 * Running on http://192.168.1.84:8000
Press CTRL+C to quit
